[0m07:24:35.523456 [debug] [MainThread]: Sending event: {'category': 'dbt', 'action': 'invocation', 'label': 'start', 'context': [<snowplow_tracker.self_describing_json.SelfDescribingJson object at 0x107600cd0>, <snowplow_tracker.self_describing_json.SelfDescribingJson object at 0x10765bf10>, <snowplow_tracker.self_describing_json.SelfDescribingJson object at 0x10765bfd0>]}


============================== 07:24:35.526878 | c6a7dfa2-7de9-4942-b189-b76d14f0a482 ==============================
[0m07:24:35.526878 [info ] [MainThread]: Running with dbt=1.8.0
[0m07:24:35.527261 [debug] [MainThread]: running dbt with arguments {'printer_width': '80', 'indirect_selection': 'eager', 'write_json': 'True', 'log_cache_events': 'False', 'partial_parse': 'True', 'cache_selected_only': 'False', 'profiles_dir': '/Users/eddie/.dbt', 'version_check': 'True', 'fail_fast': 'False', 'log_path': 'logs', 'debug': 'False', 'warn_error': 'None', 'use_colors': 'True', 'use_experimental_parser': 'False', 'no_print': 'None', 'quiet': 'False', 'log_format': 'default', 'introspect': 'True', 'static_parser': 'True', 'warn_error_options': 'WarnErrorOptions(include=[], exclude=[])', 'target_path': 'None', 'invocation_command': 'dbt init', 'send_anonymous_usage_stats': 'True'}
[0m07:24:55.953128 [debug] [MainThread]: Starter project path: /Users/eddie/micromamba/envs/snowflake-dev/lib/python3.11/site-packages/dbt/include/starter_project
[0m07:24:55.963936 [info ] [MainThread]: 
Your new dbt project "company_analytics" was created!

For more information on how to configure the profiles.yml file,
please consult the dbt documentation here:

  https://docs.getdbt.com/docs/configure-your-profile

One more thing:

Need help? Don't hesitate to reach out to us via GitHub issues or on Slack:

  https://community.getdbt.com/

Happy modeling!

[0m07:24:55.964442 [info ] [MainThread]: Setting up your profile.
[0m07:25:50.877315 [info ] [MainThread]: Profile company_analytics written to /Users/eddie/.dbt/profiles.yml using target's profile_template.yml and your supplied values. Run 'dbt debug' to validate the connection.
[0m07:25:51.031182 [debug] [MainThread]: Resource report: {"command_name": "init", "command_success": true, "command_wall_clock_time": 75.545845, "process_user_time": 1.529552, "process_kernel_time": 2.206528, "process_mem_max_rss": "183926784", "process_in_blocks": "0", "process_out_blocks": "0"}
[0m07:25:51.032592 [debug] [MainThread]: Command `dbt init` succeeded at 07:25:51.032448 after 75.55 seconds
[0m07:25:51.032955 [debug] [MainThread]: Sending event: {'category': 'dbt', 'action': 'invocation', 'label': 'end', 'context': [<snowplow_tracker.self_describing_json.SelfDescribingJson object at 0x1030f0cd0>, <snowplow_tracker.self_describing_json.SelfDescribingJson object at 0x136a4b090>, <snowplow_tracker.self_describing_json.SelfDescribingJson object at 0x107649790>]}
[0m07:25:51.033263 [debug] [MainThread]: Flushing usage events
